<?xml version="1.0" encoding="UTF-8"?>
<!-- Generated by org.testng.reporters.JUnitXMLReporter -->
<testsuite ignored="0" hostname="DESKTOP-9H86UB9" failures="0" tests="3" name="Default test" time="44.668" errors="0" timestamp="2023-02-22T07:48:56 GST">
  <testcase classname="com.obsqura.pomodel.LoginPageTest" name="loginFunction" time="42.526"/>
  <testcase classname="com.obsqura.pomodel.LoginPageTest" name="homePageFunction" time="1.529"/>
  <testcase classname="com.obsqura.pomodel.LoginPageTest" name="bikeLtPageFunction" time="0.535"/>
</testsuite> <!-- Default test -->
