<?xml version="1.0" encoding="UTF-8"?>
<!-- Generated by org.testng.reporters.JUnitXMLReporter -->
<testsuite ignored="7" hostname="DESKTOP-9H86UB9" failures="0" tests="1" name="Default test" time="0.034" errors="0" timestamp="2023-03-16T15:11:48 GST">
  <testcase classname="com.POS.BaseClass.BaseClass" name="@BeforeMethod beforeMethods" time="-1.678965107867E9">
    <failure type="org.testng.TestNGException" message="
Parameter &amp;apos;Browser&amp;apos; is required by BeforeMethod on method beforeMethods but has not been marked @Optional or defined
in C:\Users\Thomas\AppData\Local\Temp\testng-eclipse--1796598210\testng-customsuite.xml">
      <![CDATA[org.testng.TestNGException: 
Parameter 'Browser' is required by BeforeMethod on method beforeMethods but has not been marked @Optional or defined
in C:\Users\Thomas\AppData\Local\Temp\testng-eclipse--1796598210\testng-customsuite.xml
at org.testng.internal.Parameters.createParams(Parameters.java:267)
at org.testng.internal.Parameters.createParametersForMethod(Parameters.java:355)
at org.testng.internal.Parameters.createParameters(Parameters.java:660)
at org.testng.internal.Parameters.createConfigurationParameters(Parameters.java:166)
at org.testng.internal.invokers.ConfigInvoker.invokeConfigurations(ConfigInvoker.java:300)
at org.testng.internal.invokers.TestInvoker.runConfigMethods(TestInvoker.java:803)
at org.testng.internal.invokers.TestInvoker.invokeMethod(TestInvoker.java:589)
at org.testng.internal.invokers.TestInvoker.invokeTestMethod(TestInvoker.java:220)
at org.testng.internal.invokers.MethodRunner.runInSequence(MethodRunner.java:50)
at org.testng.internal.invokers.TestInvoker$MethodInvocationAgent.invoke(TestInvoker.java:945)
at org.testng.internal.invokers.TestInvoker.invokeTestMethods(TestInvoker.java:193)
at org.testng.internal.invokers.TestMethodWorker.invokeTestMethods(TestMethodWorker.java:146)
at org.testng.internal.invokers.TestMethodWorker.run(TestMethodWorker.java:128)
at java.base/java.util.ArrayList.forEach(ArrayList.java:1511)
at org.testng.TestRunner.privateRun(TestRunner.java:808)
at org.testng.TestRunner.run(TestRunner.java:603)
at org.testng.SuiteRunner.runTest(SuiteRunner.java:429)
at org.testng.SuiteRunner.runSequentially(SuiteRunner.java:423)
at org.testng.SuiteRunner.privateRun(SuiteRunner.java:383)
at org.testng.SuiteRunner.run(SuiteRunner.java:326)
at org.testng.SuiteRunnerWorker.runSuite(SuiteRunnerWorker.java:52)
at org.testng.SuiteRunnerWorker.run(SuiteRunnerWorker.java:95)
at org.testng.TestNG.runSuitesSequentially(TestNG.java:1249)
at org.testng.TestNG.runSuitesLocally(TestNG.java:1169)
at org.testng.TestNG.runSuites(TestNG.java:1092)
at org.testng.TestNG.run(TestNG.java:1060)
at org.testng.remote.AbstractRemoteTestNG.run(AbstractRemoteTestNG.java:115)
at org.testng.remote.RemoteTestNG.initAndRun(RemoteTestNG.java:251)
at org.testng.remote.RemoteTestNG.main(RemoteTestNG.java:77)
]]>
    </failure>
  </testcase> <!-- @BeforeMethod beforeMethods -->
  <testcase classname="com.POS.BaseClass.BaseClass" name="@AfterMethod afterMethod" time="0.0">
    <skipped/>
  </testcase> <!-- @AfterMethod afterMethod -->
  <testcase classname="com.POS.Testcases.VerifyProductPageTest" name="validateAddProduct" time="0.0">
    <skipped/>
  </testcase> <!-- validateAddProduct -->
  <testcase classname="com.POS.Testcases.VerifyProductPageTest" name="validateDownloadCSV" time="0.0">
    <ignored/>
  </testcase> <!-- validateDownloadCSV -->
  <testcase classname="com.POS.Testcases.VerifyProductPageTest" name="validatePrintMenu" time="0.0">
    <ignored/>
  </testcase> <!-- validatePrintMenu -->
  <testcase classname="com.POS.Testcases.VerifyProductPageTest" name="validateFilterBySupPdtType" time="0.0">
    <ignored/>
  </testcase> <!-- validateFilterBySupPdtType -->
  <testcase classname="com.POS.Testcases.VerifyProductPageTest" name="validateShowPdtTblCount" time="0.0">
    <ignored/>
  </testcase> <!-- validateShowPdtTblCount -->
  <testcase classname="com.POS.Testcases.VerifyProductPageTest" name="validateSearchPdt" time="0.0">
    <ignored/>
  </testcase> <!-- validateSearchPdt -->
  <testcase classname="com.POS.Testcases.VerifyProductPageTest" name="validateFilterByPdtType" time="0.0">
    <ignored/>
  </testcase> <!-- validateFilterByPdtType -->
  <testcase classname="com.POS.Testcases.VerifyProductPageTest" name="validateFilterBySupplier" time="0.0">
    <ignored/>
  </testcase> <!-- validateFilterBySupplier -->
</testsuite> <!-- Default test -->
