<?xml version="1.0" encoding="UTF-8"?>
<testsuite xmlns:xsi="http://www.w3.org/2001/XMLSchema-instance" xsi:noNamespaceSchemaLocation="https://maven.apache.org/surefire/maven-surefire-plugin/xsd/surefire-test-report-3.0.xsd" version="3.0" name="TestSuite" time="57.304" tests="18" errors="0" skipped="17" failures="1">
  <properties>
[...]
</properties>
  <testcase name="Browser" classname="com.obsqura.testprogram.TestProgram" time="55.786">
    <failure message="expected [true] but found [false]" type="java.lang.AssertionError"><![CDATA[java.lang.AssertionError: expected [true] but found [false]
	at org.testng.Assert.fail(Assert.java:110)
	at org.testng.Assert.failNotEquals(Assert.java:1413)
	at org.testng.Assert.assertEqualsImpl(Assert.java:149)
	at org.testng.Assert.assertEquals(Assert.java:131)
	at org.testng.Assert.assertEquals(Assert.java:976)
	at org.testng.Assert.assertEquals(Assert.java:1010)
	at com.obsqura.testprogram.TestProgram.Browser(TestProgram.java:20)
	at sun.reflect.NativeMethodAccessorImpl.invoke0(Native Method)
	at sun.reflect.NativeMethodAccessorImpl.invoke(NativeMethodAccessorImpl.java:62)
	at sun.reflect.DelegatingMethodAccessorImpl.invoke(DelegatingMethodAccessorImpl.java:43)
	at java.lang.reflect.Method.invoke(Method.java:498)
	at org.testng.internal.invokers.MethodInvocationHelper.invokeMethod(MethodInvocationHelper.java:135)
	at org.testng.internal.invokers.MethodInvocationHelper.invokeMethodConsideringTimeout(MethodInvocationHelper.java:65)
	at org.testng.internal.invokers.ConfigInvoker.invokeConfigurationMethod(ConfigInvoker.java:381)
	at org.testng.internal.invokers.ConfigInvoker.invokeConfigurations(ConfigInvoker.java:319)
	at org.testng.TestRunner.invokeTestConfigurations(TestRunner.java:645)
	at org.testng.TestRunner.beforeRun(TestRunner.java:634)
	at org.testng.TestRunner.run(TestRunner.java:596)
	at org.testng.SuiteRunner.runTest(SuiteRunner.java:429)
	at org.testng.SuiteRunner.runSequentially(SuiteRunner.java:423)
	at org.testng.SuiteRunner.privateRun(SuiteRunner.java:383)
	at org.testng.SuiteRunner.run(SuiteRunner.java:326)
	at org.testng.SuiteRunnerWorker.runSuite(SuiteRunnerWorker.java:52)
	at org.testng.SuiteRunnerWorker.run(SuiteRunnerWorker.java:95)
	at org.testng.TestNG.runSuitesSequentially(TestNG.java:1249)
	at org.testng.TestNG.runSuitesLocally(TestNG.java:1169)
	at org.testng.TestNG.runSuites(TestNG.java:1092)
	at org.testng.TestNG.run(TestNG.java:1060)
	at org.apache.maven.surefire.testng.TestNGExecutor.run(TestNGExecutor.java:324)
	at org.apache.maven.surefire.testng.TestNGXmlTestSuite.execute(TestNGXmlTestSuite.java:74)
	at org.apache.maven.surefire.testng.TestNGProvider.invoke(TestNGProvider.java:123)
	at org.apache.maven.surefire.booter.ForkedBooter.runSuitesInProcess(ForkedBooter.java:456)
	at org.apache.maven.surefire.booter.ForkedBooter.execute(ForkedBooter.java:169)
	at org.apache.maven.surefire.booter.ForkedBooter.run(ForkedBooter.java:595)
	at org.apache.maven.surefire.booter.ForkedBooter.main(ForkedBooter.java:581)
]]></failure>
    <system-err><![CDATA[SLF4J: Failed to load class "org.slf4j.impl.StaticLoggerBinder".
SLF4J: Defaulting to no-operation (NOP) logger implementation
SLF4J: See http://www.slf4j.org/codes.html#StaticLoggerBinder for further details.
Starting ChromeDriver 110.0.5481.77 (65ed616c6e8ee3fe0ad64fe83796c020644d42af-refs/branch-heads/5481@{#839}) on port 31645
Only local connections are allowed.
Please see https://chromedriver.chromium.org/security-considerations for suggestions on keeping ChromeDriver safe.
ChromeDriver was started successfully.
[1678080874.898][WARNING]: virtual void DevToolsClientImpl::AddListener(DevToolsEventListener *) subscribing a listener to the already connected DevToolsClient. Connection notification will not arrive.
Mar 06, 2023 9:34:43 AM org.openqa.selenium.devtools.CdpVersionFinder findNearestMatch
WARNING: Unable to find an exact match for CDP version 110, so returning the closest version found: 108
]]></system-err>
  </testcase>
  <testcase name="simpleFormDemo" classname="com.obsqura.testprogram.TestProgram" time="0">
    <skipped message="expected [true] but found [false]"/>
  </testcase>
  <testcase name="Browserclose" classname="com.obsqura.testprogram.TestProgram" time="0">
    <skipped/>
  </testcase>
  <testcase name="dogInsuranceWebLogin" classname="Insurance.DogInsuranceTest" time="0">
    <skipped message="expected [true] but found [false]"/>
  </testcase>
  <testcase name="dogInsuranceWebLogout" classname="Insurance.DogInsuranceTest" time="0">
    <skipped message="expected [true] but found [false]"/>
  </testcase>
  <testcase name="mobileInsuranceWebLogin" classname="Insurance.DogInsuranceTest" time="0">
    <skipped message="expected [true] but found [false]"/>
  </testcase>
  <testcase name="mobileInsuranceWebLogout" classname="Insurance.DogInsuranceTest" time="0">
    <skipped message="expected [true] but found [false]"/>
  </testcase>
  <testcase name="mobileInsuranceWebLogin" classname="Insurance.HomeInsuranceTest" time="0">
    <skipped message="expected [true] but found [false]"/>
  </testcase>
  <testcase name="homeInsuranceWebLogout" classname="Insurance.HomeInsuranceTest" time="0">
    <skipped message="expected [true] but found [false]"/>
  </testcase>
  <testcase name="mobileInsuranceWebLogout" classname="Insurance.HomeInsuranceTest" time="0">
    <skipped message="expected [true] but found [false]"/>
  </testcase>
  <testcase name="mobileInsuranceWebLogin" classname="Insurance.VehicleInsuranceTest" time="0">
    <skipped message="expected [true] but found [false]"/>
  </testcase>
  <testcase name="mobileInsuranceWebLogout" classname="Insurance.VehicleInsuranceTest" time="0">
    <skipped message="expected [true] but found [false]"/>
  </testcase>
  <testcase name="vehicleInsuranceWebLogin" classname="Insurance.VehicleInsuranceTest" time="0">
    <skipped message="expected [true] but found [false]"/>
  </testcase>
  <testcase name="vehicleInsuranceWebLogout" classname="Insurance.VehicleInsuranceTest" time="0">
    <skipped message="expected [true] but found [false]"/>
  </testcase>
  <testcase name="homeInsuranceWebLogout" classname="Insurance.LifeInsuranceTest" time="0">
    <skipped message="expected [true] but found [false]"/>
  </testcase>
  <testcase name="lifeInsuranceWebLogin" classname="Insurance.LifeInsuranceTest" time="0">
    <skipped message="expected [true] but found [false]"/>
  </testcase>
  <testcase name="mobileInsuranceWebLogin" classname="Insurance.LifeInsuranceTest" time="0">
    <skipped message="expected [true] but found [false]"/>
  </testcase>
  <testcase name="mobileInsuranceWebLogout" classname="Insurance.LifeInsuranceTest" time="0">
    <skipped message="expected [true] but found [false]"/>
  </testcase>
</testsuite>