<?xml version="1.0" encoding="UTF-8"?>
<!-- Generated by org.testng.reporters.JUnitXMLReporter -->
<testsuite hostname="DESKTOP-9H86UB9" ignored="1" name="Test" tests="16" failures="0" timestamp="2023-03-06T09:34:49 GST" time="54.574" errors="0">
  <testcase name="@BeforeTest Browser" time="54.286" classname="com.obsqura.testprogram.TestProgram">
    <failure type="java.lang.AssertionError" message="expected [true] but found [false]">
      <![CDATA[java.lang.AssertionError: expected [true] but found [false]
at com.obsqura.testprogram.TestProgram.Browser(TestProgram.java:20)
... Removed 34 stack frames]]>
    </failure>
  </testcase> <!-- @BeforeTest Browser -->
  <testcase name="@AfterTest Browserclose" time="0.0" classname="com.obsqura.testprogram.TestProgram">
    <skipped/>
  </testcase> <!-- @AfterTest Browserclose -->
  <testcase name="dogInsuranceWebLogin" time="0.0" classname="Insurance.DogInsuranceTest">
    <skipped/>
  </testcase> <!-- dogInsuranceWebLogin -->
  <testcase name="dogInsuranceWebLogout" time="0.0" classname="Insurance.DogInsuranceTest">
    <skipped/>
  </testcase> <!-- dogInsuranceWebLogout -->
  <testcase name="mobileInsuranceWebLogin" time="0.0" classname="Insurance.DogInsuranceTest">
    <skipped/>
  </testcase> <!-- mobileInsuranceWebLogin -->
  <testcase name="mobileInsuranceWebLogout" time="0.0" classname="Insurance.DogInsuranceTest">
    <skipped/>
  </testcase> <!-- mobileInsuranceWebLogout -->
  <testcase name="mobileInsuranceWebLogin" time="0.0" classname="Insurance.HomeInsuranceTest">
    <skipped/>
  </testcase> <!-- mobileInsuranceWebLogin -->
  <testcase name="homeInsuranceWebLogout" time="0.0" classname="Insurance.HomeInsuranceTest">
    <skipped/>
  </testcase> <!-- homeInsuranceWebLogout -->
  <testcase name="mobileInsuranceWebLogout" time="0.0" classname="Insurance.HomeInsuranceTest">
    <skipped/>
  </testcase> <!-- mobileInsuranceWebLogout -->
  <testcase name="mobileInsuranceWebLogin" time="0.0" classname="Insurance.VehicleInsuranceTest">
    <skipped/>
  </testcase> <!-- mobileInsuranceWebLogin -->
  <testcase name="mobileInsuranceWebLogout" time="0.0" classname="Insurance.VehicleInsuranceTest">
    <skipped/>
  </testcase> <!-- mobileInsuranceWebLogout -->
  <testcase name="vehicleInsuranceWebLogin" time="0.0" classname="Insurance.VehicleInsuranceTest">
    <skipped/>
  </testcase> <!-- vehicleInsuranceWebLogin -->
  <testcase name="vehicleInsuranceWebLogout" time="0.0" classname="Insurance.VehicleInsuranceTest">
    <skipped/>
  </testcase> <!-- vehicleInsuranceWebLogout -->
  <testcase name="homeInsuranceWebLogout" time="0.001" classname="Insurance.LifeInsuranceTest">
    <skipped/>
  </testcase> <!-- homeInsuranceWebLogout -->
  <testcase name="lifeInsuranceWebLogin" time="0.0" classname="Insurance.LifeInsuranceTest">
    <skipped/>
  </testcase> <!-- lifeInsuranceWebLogin -->
  <testcase name="mobileInsuranceWebLogin" time="0.0" classname="Insurance.LifeInsuranceTest">
    <skipped/>
  </testcase> <!-- mobileInsuranceWebLogin -->
  <testcase name="mobileInsuranceWebLogout" time="0.0" classname="Insurance.LifeInsuranceTest">
    <skipped/>
  </testcase> <!-- mobileInsuranceWebLogout -->
  <testcase name="simpleFormDemo" time="0.0" classname="com.obsqura.testprogram.TestProgram">
    <skipped/>
  </testcase> <!-- simpleFormDemo -->
  <testcase name="homeInsuranceWebLogin" time="0.0" classname="Insurance.HomeInsuranceTest">
    <ignored/>
  </testcase> <!-- homeInsuranceWebLogin -->
</testsuite> <!-- Test -->
