<?xml version="1.0" encoding="UTF-8"?>
<!-- Generated by org.testng.reporters.JUnitXMLReporter -->
<testsuite ignored="0" hostname="DESKTOP-9H86UB9" failures="1" tests="2" name="TestNGListenerTest" time="0.052" errors="0" timestamp="2023-02-28T08:56:04 GST">
  <testcase classname="com.obsqura.listeners.ListenersPgm" name="loginEmail" time="0.011"/>
  <testcase classname="com.obsqura.listeners.ListenersPgm" name="loginFacebook" time="0.001">
    <failure type="java.lang.AssertionError" message="expected [false] but found [true]">
      <![CDATA[java.lang.AssertionError: expected [false] but found [true]
at com.obsqura.listeners.ListenersPgm.loginFacebook(ListenersPgm.java:17)
at java.base/java.util.ArrayList.forEach(ArrayList.java:1511)
... Removed 33 stack frames]]>
    </failure>
  </testcase> <!-- loginFacebook -->
</testsuite> <!-- TestNGListenerTest -->
