<?xml version="1.0" encoding="UTF-8"?>
<testng-results ignored="0" total="1" passed="1" failed="0" skipped="0">
  <reporter-output>
  </reporter-output>
  <suite started-at="2023-02-07T20:04:48 GST" name="Default suite" finished-at="2023-02-07T20:05:48 GST" duration-ms="59990">
    <groups>
    </groups>
    <test started-at="2023-02-07T20:04:48 GST" name="Default test" finished-at="2023-02-07T20:05:48 GST" duration-ms="59990">
      <class name="com.obsqura.testprogram.FileUpoadSendKeys">
        <test-method is-config="true" signature="browserload()[pri:0, instance:com.obsqura.testprogram.FileUpoadSendKeys@7bd4937b]" started-at="2023-02-07T20:04:48 GST" name="browserload" finished-at="2023-02-07T20:05:42 GST" duration-ms="54582" status="PASS">
          <reporter-output>
          </reporter-output>
        </test-method> <!-- browserload -->
        <test-method signature="fileUpload()[pri:0, instance:com.obsqura.testprogram.FileUpoadSendKeys@7bd4937b]" started-at="2023-02-07T20:05:42 GST" name="fileUpload" finished-at="2023-02-07T20:05:47 GST" duration-ms="4382" status="PASS">
          <reporter-output>
          </reporter-output>
        </test-method> <!-- fileUpload -->
        <test-method is-config="true" signature="Browserclose()[pri:0, instance:com.obsqura.testprogram.FileUpoadSendKeys@7bd4937b]" started-at="2023-02-07T20:05:47 GST" name="Browserclose" finished-at="2023-02-07T20:05:48 GST" duration-ms="980" status="PASS">
          <reporter-output>
          </reporter-output>
        </test-method> <!-- Browserclose -->
      </class> <!-- com.obsqura.testprogram.FileUpoadSendKeys -->
    </test> <!-- Default test -->
  </suite> <!-- Default suite -->
</testng-results>
