<?xml version="1.0" encoding="UTF-8"?>
<testng-results ignored="7" total="9" passed="2" failed="0" skipped="0">
  <reporter-output>
  </reporter-output>
  <suite started-at="2023-03-17T08:31:01 GST" name="RestaurantSuite" finished-at="2023-03-17T08:32:26 GST" duration-ms="85024">
    <groups>
    </groups>
    <test started-at="2023-03-17T08:31:01 GST" name="Test" finished-at="2023-03-17T08:32:26 GST" duration-ms="85024">
      <class name="com.POS.Testcases.VerifyProductPageTest">
        <test-method is-config="true" signature="loadFiles()[pri:0, instance:com.POS.Testcases.VerifyProductPageTest@4b45a2f5]" started-at="2023-03-17T08:31:01 GST" name="loadFiles" finished-at="2023-03-17T08:31:01 GST" duration-ms="279" status="PASS">
          <reporter-output>
          </reporter-output>
        </test-method> <!-- loadFiles -->
        <test-method is-config="true" signature="loadConfig()[pri:0, instance:com.POS.Testcases.VerifyProductPageTest@4b45a2f5]" started-at="2023-03-17T08:31:01 GST" name="loadConfig" finished-at="2023-03-17T08:31:01 GST" duration-ms="1" status="PASS">
          <reporter-output>
          </reporter-output>
        </test-method> <!-- loadConfig -->
        <test-method is-config="true" signature="beforeMethods(java.lang.String)[pri:0, instance:com.POS.Testcases.VerifyProductPageTest@4b45a2f5]" started-at="2023-03-17T08:31:01 GST" name="beforeMethods" finished-at="2023-03-17T08:31:13 GST" duration-ms="12056" status="PASS">
          <params>
            <param index="0">
              <value>
                <![CDATA[Edge]]>
              </value>
            </param>
          </params>
          <reporter-output>
          </reporter-output>
        </test-method> <!-- beforeMethods -->
        <test-method signature="validateDownloadCSV()[pri:5, instance:com.POS.Testcases.VerifyProductPageTest@4b45a2f5]" started-at="2023-03-17T08:31:13 GST" name="validateDownloadCSV" finished-at="2023-03-17T08:31:25 GST" duration-ms="12244" status="PASS">
          <reporter-output>
          </reporter-output>
        </test-method> <!-- validateDownloadCSV -->
        <test-method is-config="true" signature="afterMethod()[pri:0, instance:com.POS.Testcases.VerifyProductPageTest@4b45a2f5]" started-at="2023-03-17T08:31:26 GST" name="afterMethod" finished-at="2023-03-17T08:31:33 GST" duration-ms="7334" status="PASS">
          <reporter-output>
          </reporter-output>
        </test-method> <!-- afterMethod -->
        <test-method is-config="true" signature="beforeMethods(java.lang.String)[pri:0, instance:com.POS.Testcases.VerifyProductPageTest@4b45a2f5]" started-at="2023-03-17T08:31:33 GST" name="beforeMethods" finished-at="2023-03-17T08:31:48 GST" duration-ms="14591" status="PASS">
          <params>
            <param index="0">
              <value>
                <![CDATA[Edge]]>
              </value>
            </param>
          </params>
          <reporter-output>
          </reporter-output>
        </test-method> <!-- beforeMethods -->
        <test-method signature="validateAddProduct()[pri:8, instance:com.POS.Testcases.VerifyProductPageTest@4b45a2f5]" started-at="2023-03-17T08:31:48 GST" name="validateAddProduct" finished-at="2023-03-17T08:32:25 GST" duration-ms="37666" status="PASS">
          <reporter-output>
          </reporter-output>
        </test-method> <!-- validateAddProduct -->
        <test-method is-config="true" signature="afterMethod()[pri:0, instance:com.POS.Testcases.VerifyProductPageTest@4b45a2f5]" started-at="2023-03-17T08:32:25 GST" name="afterMethod" finished-at="2023-03-17T08:32:26 GST" duration-ms="673" status="PASS">
          <reporter-output>
          </reporter-output>
        </test-method> <!-- afterMethod -->
        <test-method is-config="true" signature="tearDown()[pri:0, instance:com.POS.Testcases.VerifyProductPageTest@4b45a2f5]" started-at="2023-03-17T08:32:27 GST" name="tearDown" finished-at="2023-03-17T08:32:27 GST" duration-ms="688" status="PASS">
          <reporter-output>
          </reporter-output>
        </test-method> <!-- tearDown -->
      </class> <!-- com.POS.Testcases.VerifyProductPageTest -->
    </test> <!-- Test -->
  </suite> <!-- RestaurantSuite -->
</testng-results>
