<?xml version="1.0" encoding="UTF-8"?>
<!-- Generated by org.testng.reporters.JUnitXMLReporter -->
<testsuite ignored="2" hostname="DESKTOP-9H86UB9" failures="0" tests="2" name="EdgeTest" time="162.031" errors="0" timestamp="2023-03-15T23:34:42 GST">
  <testcase classname="com.POS.Testcases.VerifyHomePageTest" name="validateElementsDisplay" time="45.529"/>
  <testcase classname="com.POS.Testcases.VerifyHomePageTest" name="validateMenuDisplay" time="5.061"/>
  <testcase classname="com.POS.Testcases.VerifyHomePageTest" name="validateMenuClick" time="0.0">
    <ignored/>
  </testcase> <!-- validateMenuClick -->
  <testcase classname="com.POS.Testcases.VerifyHomePageTest" name="validateLanguageSelection" time="0.0">
    <ignored/>
  </testcase> <!-- validateLanguageSelection -->
</testsuite> <!-- EdgeTest -->
