<?xml version="1.0" encoding="UTF-8"?>
<!-- Generated by org.testng.reporters.JUnitXMLReporter -->
<testsuite ignored="3" hostname="DESKTOP-9H86UB9" failures="0" tests="0" name="RestaurantTest" time="39.412" errors="0" timestamp="2023-03-10T06:01:05 GST">
  <testcase classname="com.POS.BaseClass.BaseClass" name="@BeforeSuite loadFiles" time="0.0">
    <ignored/>
  </testcase> <!-- @BeforeSuite loadFiles -->
  <testcase classname="com.POS.BaseClass.BaseClass" name="@AfterSuite tearDown" time="0.0">
    <ignored/>
  </testcase> <!-- @AfterSuite tearDown -->
  <testcase classname="com.POS.BaseClass.BaseClass" name="@BeforeTest loadConfig" time="0.0">
    <ignored/>
  </testcase> <!-- @BeforeTest loadConfig -->
</testsuite> <!-- RestaurantTest -->
