<?xml version="1.0" encoding="UTF-8"?>
<!-- Generated by org.testng.reporters.JUnitXMLReporter -->
<testsuite ignored="22" hostname="DESKTOP-9H86UB9" failures="0" tests="6" name="SmokeTest" time="167.634" errors="0" timestamp="2023-03-15T21:34:44 GST">
  <testcase classname="com.POS.Testcases.VerifyHomePageTest" name="validateElementsDisplay" time="11.173"/>
  <testcase classname="com.POS.Testcases.VerifyHomePageTest" name="validateLanguageSelection" time="6.22"/>
  <testcase classname="com.POS.Testcases.VerifyHomePageTest" name="validateMenuDisplay" time="4.371"/>
  <testcase classname="com.POS.Testcases.VerifyHomePageTest" name="validateMenuClick" time="25.717"/>
  <testcase classname="com.POS.Testcases.VerifyProductPageTest" name="validateShowPdtTblCount" time="18.103"/>
  <testcase classname="com.POS.Testcases.VerifyStoreTest" name="validateTableHeaders" time="8.074"/>
  <testcase classname="com.POS.Testcases.VerifyProductPageTest" name="validateSearchPdt" time="0.0">
    <ignored/>
  </testcase> <!-- validateSearchPdt -->
  <testcase classname="com.POS.Testcases.VerifyStoreTest" name="validateAddStore" time="0.0">
    <ignored/>
  </testcase> <!-- validateAddStore -->
  <testcase classname="com.POS.Testcases.VerifyProductPageTest" name="validateFilterBySupplier" time="0.0">
    <ignored/>
  </testcase> <!-- validateFilterBySupplier -->
  <testcase classname="com.POS.Testcases.VerifyStoreTest" name="validateEditStore" time="0.0">
    <ignored/>
  </testcase> <!-- validateEditStore -->
  <testcase classname="com.POS.BaseClass.BaseClass" name="@BeforeTest loadConfig" time="0.0">
    <ignored/>
  </testcase> <!-- @BeforeTest loadConfig -->
  <testcase classname="com.POS.BaseClass.BaseClass" name="@BeforeSuite loadFiles" time="0.0">
    <ignored/>
  </testcase> <!-- @BeforeSuite loadFiles -->
  <testcase classname="com.POS.Testcases.VerifyProductPageTest" name="validatePrintMenu" time="0.0">
    <ignored/>
  </testcase> <!-- validatePrintMenu -->
  <testcase classname="com.POS.Testcases.VerifyUserLoginTest" name="validateLogin" time="0.0">
    <ignored/>
  </testcase> <!-- validateLogin -->
  <testcase classname="com.POS.BaseClass.BaseClass" name="@BeforeTest loadConfig" time="0.0">
    <ignored/>
  </testcase> <!-- @BeforeTest loadConfig -->
  <testcase classname="com.POS.Testcases.VerifyStoreTest" name="validateSearchStore" time="0.0">
    <ignored/>
  </testcase> <!-- validateSearchStore -->
  <testcase classname="com.POS.Testcases.VerifyProductPageTest" name="validateFilterBySupPdtType" time="0.0">
    <ignored/>
  </testcase> <!-- validateFilterBySupPdtType -->
  <testcase classname="com.POS.BaseClass.BaseClass" name="@BeforeSuite loadFiles" time="0.0">
    <ignored/>
  </testcase> <!-- @BeforeSuite loadFiles -->
  <testcase classname="com.POS.BaseClass.BaseClass" name="@BeforeTest loadConfig" time="0.0">
    <ignored/>
  </testcase> <!-- @BeforeTest loadConfig -->
  <testcase classname="com.POS.BaseClass.BaseClass" name="@BeforeSuite loadFiles" time="0.0">
    <ignored/>
  </testcase> <!-- @BeforeSuite loadFiles -->
  <testcase classname="com.POS.Testcases.VerifyProductPageTest" name="validateFilterByPdtType" time="0.0">
    <ignored/>
  </testcase> <!-- validateFilterByPdtType -->
  <testcase classname="com.POS.Testcases.VerifyStoreTest" name="validatePagination" time="0.0">
    <ignored/>
  </testcase> <!-- validatePagination -->
  <testcase classname="com.POS.Testcases.VerifyUserLoginTest" name="validateAllLogin" time="0.0">
    <ignored/>
  </testcase> <!-- validateAllLogin -->
  <testcase classname="com.POS.Testcases.VerifyStoreTest" name="validateShowCount" time="0.0">
    <ignored/>
  </testcase> <!-- validateShowCount -->
  <testcase classname="com.POS.Testcases.VerifyProductPageTest" name="validateDownloadCSV" time="0.0">
    <ignored/>
  </testcase> <!-- validateDownloadCSV -->
  <testcase classname="com.POS.BaseClass.BaseClass" name="@BeforeTest loadConfig" time="0.0">
    <ignored/>
  </testcase> <!-- @BeforeTest loadConfig -->
  <testcase classname="com.POS.BaseClass.BaseClass" name="@BeforeSuite loadFiles" time="0.0">
    <ignored/>
  </testcase> <!-- @BeforeSuite loadFiles -->
  <testcase classname="com.POS.Testcases.VerifyProductPageTest" name="validateAddProduct" time="0.0">
    <ignored/>
  </testcase> <!-- validateAddProduct -->
</testsuite> <!-- SmokeTest -->
