<?xml version="1.0" encoding="UTF-8"?>
<!-- Generated by org.testng.reporters.JUnitXMLReporter -->
<testsuite ignored="11" hostname="DESKTOP-9H86UB9" failures="0" tests="1" name="Test" time="46.002" errors="0" timestamp="2023-03-16T16:03:57 GST">
  <testcase classname="com.POS.Testcases.VerifyProductPageTest" name="validateUploadCSV" time="19.283"/>
  <testcase classname="com.POS.Testcases.VerifyProductPageTest" name="validateAddProduct" time="0.0">
    <ignored/>
  </testcase> <!-- validateAddProduct -->
  <testcase classname="com.POS.Testcases.VerifyProductPageTest" name="validateFilterBySupPdtType" time="0.0">
    <ignored/>
  </testcase> <!-- validateFilterBySupPdtType -->
  <testcase classname="com.POS.Testcases.VerifyProductPageTest" name="validateDownloadCSV" time="0.0">
    <ignored/>
  </testcase> <!-- validateDownloadCSV -->
  <testcase classname="com.POS.Testcases.VerifyProductPageTest" name="validateFilterByPdtType" time="0.0">
    <ignored/>
  </testcase> <!-- validateFilterByPdtType -->
  <testcase classname="com.POS.BaseClass.BaseClass" name="@BeforeSuite loadFiles" time="0.0">
    <ignored/>
  </testcase> <!-- @BeforeSuite loadFiles -->
  <testcase classname="com.POS.BaseClass.BaseClass" name="@AfterSuite tearDown" time="0.0">
    <ignored/>
  </testcase> <!-- @AfterSuite tearDown -->
  <testcase classname="com.POS.BaseClass.BaseClass" name="@BeforeTest loadConfig" time="0.0">
    <ignored/>
  </testcase> <!-- @BeforeTest loadConfig -->
  <testcase classname="com.POS.Testcases.VerifyProductPageTest" name="validateFilterBySupplier" time="0.0">
    <ignored/>
  </testcase> <!-- validateFilterBySupplier -->
  <testcase classname="com.POS.Testcases.VerifyProductPageTest" name="validateShowPdtTblCount" time="0.0">
    <ignored/>
  </testcase> <!-- validateShowPdtTblCount -->
  <testcase classname="com.POS.Testcases.VerifyProductPageTest" name="validatePrintMenu" time="0.0">
    <ignored/>
  </testcase> <!-- validatePrintMenu -->
  <testcase classname="com.POS.Testcases.VerifyProductPageTest" name="validateSearchPdt" time="0.0">
    <ignored/>
  </testcase> <!-- validateSearchPdt -->
</testsuite> <!-- Test -->
