<?xml version="1.0" encoding="UTF-8"?>
<testng-results ignored="30" total="57" passed="26" failed="1" skipped="0">
  <reporter-output>
  </reporter-output>
  <suite started-at="2023-03-16T17:21:53 GST" name="RestaurantSuite" finished-at="2023-03-16T17:30:18 GST" duration-ms="504684">
    <groups>
      <group name="Smoke">
        <method signature="VerifyStoreTest.validateTableHeaders()[pri:0, instance:com.POS.Testcases.VerifyStoreTest@7526515b]" name="validateTableHeaders" class="com.POS.Testcases.VerifyStoreTest"/>
        <method signature="VerifyHomePageTest.validateElementsDisplay()[pri:1, instance:com.POS.Testcases.VerifyHomePageTest@f78a47e]" name="validateElementsDisplay" class="com.POS.Testcases.VerifyHomePageTest"/>
        <method signature="VerifyHomePageTest.validateLanguageSelection()[pri:2, instance:com.POS.Testcases.VerifyHomePageTest@f78a47e]" name="validateLanguageSelection" class="com.POS.Testcases.VerifyHomePageTest"/>
        <method signature="VerifyHomePageTest.validateMenuDisplay()[pri:3, instance:com.POS.Testcases.VerifyHomePageTest@f78a47e]" name="validateMenuDisplay" class="com.POS.Testcases.VerifyHomePageTest"/>
        <method signature="VerifyHomePageTest.validateMenuClick()[pri:4, instance:com.POS.Testcases.VerifyHomePageTest@f78a47e]" name="validateMenuClick" class="com.POS.Testcases.VerifyHomePageTest"/>
      </group> <!-- Smoke -->
    </groups>
    <test started-at="2023-03-16T17:21:53 GST" name="Test" finished-at="2023-03-16T17:30:18 GST" duration-ms="504684">
      <class name="com.POS.BaseClass.BaseClass">
        <test-method is-config="true" signature="loadFiles()[pri:0, instance:com.POS.BaseClass.BaseClass@1e6a3214]" started-at="2023-03-16T17:21:52 GST" name="loadFiles" finished-at="2023-03-16T17:21:53 GST" duration-ms="812" status="PASS">
          <reporter-output>
          </reporter-output>
        </test-method> <!-- loadFiles -->
        <test-method is-config="true" signature="loadConfig()[pri:0, instance:com.POS.BaseClass.BaseClass@1e6a3214]" started-at="2023-03-16T17:21:53 GST" name="loadConfig" finished-at="2023-03-16T17:21:53 GST" duration-ms="1" status="PASS">
          <reporter-output>
          </reporter-output>
        </test-method> <!-- loadConfig -->
        <test-method is-config="true" signature="tearDown()[pri:0, instance:com.POS.BaseClass.BaseClass@1e6a3214]" started-at="2023-03-16T17:30:18 GST" name="tearDown" finished-at="2023-03-16T17:30:19 GST" duration-ms="805" status="PASS">
          <reporter-output>
          </reporter-output>
        </test-method> <!-- tearDown -->
      </class> <!-- com.POS.BaseClass.BaseClass -->
      <class name="com.POS.Testcases.VerifyHomePageTest">
        <test-method is-config="true" signature="beforeMethods(java.lang.String)[pri:0, instance:com.POS.Testcases.VerifyHomePageTest@f78a47e]" started-at="2023-03-16T17:23:15 GST" name="beforeMethods" finished-at="2023-03-16T17:23:23 GST" duration-ms="7651" status="PASS">
          <params>
            <param index="0">
              <value>
                <![CDATA[Edge]]>
              </value>
            </param>
          </params>
          <reporter-output>
          </reporter-output>
        </test-method> <!-- beforeMethods -->
        <test-method signature="validateElementsDisplay()[pri:1, instance:com.POS.Testcases.VerifyHomePageTest@f78a47e]" started-at="2023-03-16T17:23:23 GST" name="validateElementsDisplay" finished-at="2023-03-16T17:23:28 GST" duration-ms="4783" status="PASS">
          <reporter-output>
          </reporter-output>
        </test-method> <!-- validateElementsDisplay -->
        <test-method is-config="true" signature="afterMethod()[pri:0, instance:com.POS.Testcases.VerifyHomePageTest@f78a47e]" started-at="2023-03-16T17:23:28 GST" name="afterMethod" finished-at="2023-03-16T17:23:28 GST" duration-ms="240" status="PASS">
          <reporter-output>
          </reporter-output>
        </test-method> <!-- afterMethod -->
        <test-method is-config="true" signature="beforeMethods(java.lang.String)[pri:0, instance:com.POS.Testcases.VerifyHomePageTest@f78a47e]" started-at="2023-03-16T17:23:28 GST" name="beforeMethods" finished-at="2023-03-16T17:23:38 GST" duration-ms="10420" status="PASS">
          <params>
            <param index="0">
              <value>
                <![CDATA[Edge]]>
              </value>
            </param>
          </params>
          <reporter-output>
          </reporter-output>
        </test-method> <!-- beforeMethods -->
        <test-method signature="validateLanguageSelection()[pri:2, instance:com.POS.Testcases.VerifyHomePageTest@f78a47e]" started-at="2023-03-16T17:23:38 GST" name="validateLanguageSelection" finished-at="2023-03-16T17:23:48 GST" duration-ms="9827" status="PASS">
          <reporter-output>
          </reporter-output>
        </test-method> <!-- validateLanguageSelection -->
        <test-method is-config="true" signature="afterMethod()[pri:0, instance:com.POS.Testcases.VerifyHomePageTest@f78a47e]" started-at="2023-03-16T17:23:48 GST" name="afterMethod" finished-at="2023-03-16T17:23:49 GST" duration-ms="851" status="PASS">
          <reporter-output>
          </reporter-output>
        </test-method> <!-- afterMethod -->
        <test-method is-config="true" signature="beforeMethods(java.lang.String)[pri:0, instance:com.POS.Testcases.VerifyHomePageTest@f78a47e]" started-at="2023-03-16T17:23:49 GST" name="beforeMethods" finished-at="2023-03-16T17:24:04 GST" duration-ms="15199" status="PASS">
          <params>
            <param index="0">
              <value>
                <![CDATA[Edge]]>
              </value>
            </param>
          </params>
          <reporter-output>
          </reporter-output>
        </test-method> <!-- beforeMethods -->
        <test-method signature="validateMenuDisplay()[pri:3, instance:com.POS.Testcases.VerifyHomePageTest@f78a47e]" started-at="2023-03-16T17:24:04 GST" name="validateMenuDisplay" finished-at="2023-03-16T17:24:09 GST" duration-ms="4624" status="PASS">
          <reporter-output>
          </reporter-output>
        </test-method> <!-- validateMenuDisplay -->
        <test-method is-config="true" signature="afterMethod()[pri:0, instance:com.POS.Testcases.VerifyHomePageTest@f78a47e]" started-at="2023-03-16T17:24:09 GST" name="afterMethod" finished-at="2023-03-16T17:24:09 GST" duration-ms="312" status="PASS">
          <reporter-output>
          </reporter-output>
        </test-method> <!-- afterMethod -->
        <test-method is-config="true" signature="beforeMethods(java.lang.String)[pri:0, instance:com.POS.Testcases.VerifyHomePageTest@f78a47e]" started-at="2023-03-16T17:24:09 GST" name="beforeMethods" finished-at="2023-03-16T17:24:17 GST" duration-ms="8132" status="PASS">
          <params>
            <param index="0">
              <value>
                <![CDATA[Edge]]>
              </value>
            </param>
          </params>
          <reporter-output>
          </reporter-output>
        </test-method> <!-- beforeMethods -->
        <test-method signature="validateMenuClick()[pri:4, instance:com.POS.Testcases.VerifyHomePageTest@f78a47e]" started-at="2023-03-16T17:24:17 GST" name="validateMenuClick" finished-at="2023-03-16T17:24:36 GST" duration-ms="18826" status="PASS">
          <reporter-output>
          </reporter-output>
        </test-method> <!-- validateMenuClick -->
        <test-method is-config="true" signature="afterMethod()[pri:0, instance:com.POS.Testcases.VerifyHomePageTest@f78a47e]" started-at="2023-03-16T17:24:36 GST" name="afterMethod" finished-at="2023-03-16T17:24:36 GST" duration-ms="496" status="PASS">
          <reporter-output>
          </reporter-output>
        </test-method> <!-- afterMethod -->
      </class> <!-- com.POS.Testcases.VerifyHomePageTest -->
      <class name="com.POS.Testcases.VerifyWaiterTest">
        <test-method is-config="true" signature="beforeMethods(java.lang.String)[pri:0, instance:com.POS.Testcases.VerifyWaiterTest@54c5a2ff]" started-at="2023-03-16T17:28:50 GST" name="beforeMethods" finished-at="2023-03-16T17:28:58 GST" duration-ms="8520" status="PASS">
          <params>
            <param index="0">
              <value>
                <![CDATA[Edge]]>
              </value>
            </param>
          </params>
          <reporter-output>
          </reporter-output>
        </test-method> <!-- beforeMethods -->
        <test-method signature="validateShowCount()[pri:1, instance:com.POS.Testcases.VerifyWaiterTest@54c5a2ff]" started-at="2023-03-16T17:28:58 GST" name="validateShowCount" finished-at="2023-03-16T17:29:04 GST" duration-ms="5806" status="PASS">
          <reporter-output>
          </reporter-output>
        </test-method> <!-- validateShowCount -->
        <test-method is-config="true" signature="afterMethod()[pri:0, instance:com.POS.Testcases.VerifyWaiterTest@54c5a2ff]" started-at="2023-03-16T17:29:04 GST" name="afterMethod" finished-at="2023-03-16T17:29:04 GST" duration-ms="273" status="PASS">
          <reporter-output>
          </reporter-output>
        </test-method> <!-- afterMethod -->
        <test-method is-config="true" signature="beforeMethods(java.lang.String)[pri:0, instance:com.POS.Testcases.VerifyWaiterTest@54c5a2ff]" started-at="2023-03-16T17:29:04 GST" name="beforeMethods" finished-at="2023-03-16T17:29:10 GST" duration-ms="5819" status="PASS">
          <params>
            <param index="0">
              <value>
                <![CDATA[Edge]]>
              </value>
            </param>
          </params>
          <reporter-output>
          </reporter-output>
        </test-method> <!-- beforeMethods -->
        <test-method signature="validateAddWaiter()[pri:2, instance:com.POS.Testcases.VerifyWaiterTest@54c5a2ff]" started-at="2023-03-16T17:29:10 GST" name="validateAddWaiter" finished-at="2023-03-16T17:29:19 GST" duration-ms="8526" status="PASS">
          <reporter-output>
          </reporter-output>
        </test-method> <!-- validateAddWaiter -->
        <test-method is-config="true" signature="afterMethod()[pri:0, instance:com.POS.Testcases.VerifyWaiterTest@54c5a2ff]" started-at="2023-03-16T17:29:19 GST" name="afterMethod" finished-at="2023-03-16T17:29:19 GST" duration-ms="301" status="PASS">
          <reporter-output>
          </reporter-output>
        </test-method> <!-- afterMethod -->
        <test-method is-config="true" signature="beforeMethods(java.lang.String)[pri:0, instance:com.POS.Testcases.VerifyWaiterTest@54c5a2ff]" started-at="2023-03-16T17:29:19 GST" name="beforeMethods" finished-at="2023-03-16T17:29:26 GST" duration-ms="7458" status="PASS">
          <params>
            <param index="0">
              <value>
                <![CDATA[Edge]]>
              </value>
            </param>
          </params>
          <reporter-output>
          </reporter-output>
        </test-method> <!-- beforeMethods -->
        <test-method signature="validateSearchWaiter()[pri:3, instance:com.POS.Testcases.VerifyWaiterTest@54c5a2ff]" started-at="2023-03-16T17:29:26 GST" name="validateSearchWaiter" finished-at="2023-03-16T17:29:32 GST" duration-ms="6034" status="PASS">
          <reporter-output>
          </reporter-output>
        </test-method> <!-- validateSearchWaiter -->
        <test-method is-config="true" signature="afterMethod()[pri:0, instance:com.POS.Testcases.VerifyWaiterTest@54c5a2ff]" started-at="2023-03-16T17:29:32 GST" name="afterMethod" finished-at="2023-03-16T17:29:33 GST" duration-ms="261" status="PASS">
          <reporter-output>
          </reporter-output>
        </test-method> <!-- afterMethod -->
        <test-method is-config="true" signature="beforeMethods(java.lang.String)[pri:0, instance:com.POS.Testcases.VerifyWaiterTest@54c5a2ff]" started-at="2023-03-16T17:29:33 GST" name="beforeMethods" finished-at="2023-03-16T17:29:39 GST" duration-ms="6567" status="PASS">
          <params>
            <param index="0">
              <value>
                <![CDATA[Edge]]>
              </value>
            </param>
          </params>
          <reporter-output>
          </reporter-output>
        </test-method> <!-- beforeMethods -->
        <test-method signature="validateEditWaiter()[pri:4, instance:com.POS.Testcases.VerifyWaiterTest@54c5a2ff]" started-at="2023-03-16T17:29:39 GST" name="validateEditWaiter" finished-at="2023-03-16T17:29:50 GST" duration-ms="10415" status="PASS">
          <reporter-output>
          </reporter-output>
        </test-method> <!-- validateEditWaiter -->
        <test-method is-config="true" signature="afterMethod()[pri:0, instance:com.POS.Testcases.VerifyWaiterTest@54c5a2ff]" started-at="2023-03-16T17:29:50 GST" name="afterMethod" finished-at="2023-03-16T17:29:50 GST" duration-ms="291" status="PASS">
          <reporter-output>
          </reporter-output>
        </test-method> <!-- afterMethod -->
      </class> <!-- com.POS.Testcases.VerifyWaiterTest -->
      <class name="com.POS.Testcases.VerifyStoreTest">
        <test-method is-config="true" signature="beforeMethods(java.lang.String)[pri:0, instance:com.POS.Testcases.VerifyStoreTest@7526515b]" started-at="2023-03-16T17:25:01 GST" name="beforeMethods" finished-at="2023-03-16T17:25:09 GST" duration-ms="7598" status="PASS">
          <params>
            <param index="0">
              <value>
                <![CDATA[Edge]]>
              </value>
            </param>
          </params>
          <reporter-output>
          </reporter-output>
        </test-method> <!-- beforeMethods -->
        <test-method signature="validateTableHeaders()[pri:0, instance:com.POS.Testcases.VerifyStoreTest@7526515b]" started-at="2023-03-16T17:25:09 GST" name="validateTableHeaders" finished-at="2023-03-16T17:25:16 GST" duration-ms="7244" status="PASS">
          <reporter-output>
          </reporter-output>
        </test-method> <!-- validateTableHeaders -->
        <test-method is-config="true" signature="afterMethod()[pri:0, instance:com.POS.Testcases.VerifyStoreTest@7526515b]" started-at="2023-03-16T17:25:16 GST" name="afterMethod" finished-at="2023-03-16T17:25:17 GST" duration-ms="379" status="PASS">
          <reporter-output>
          </reporter-output>
        </test-method> <!-- afterMethod -->
        <test-method is-config="true" signature="beforeMethods(java.lang.String)[pri:0, instance:com.POS.Testcases.VerifyStoreTest@7526515b]" started-at="2023-03-16T17:25:17 GST" name="beforeMethods" finished-at="2023-03-16T17:25:25 GST" duration-ms="8461" status="PASS">
          <params>
            <param index="0">
              <value>
                <![CDATA[Edge]]>
              </value>
            </param>
          </params>
          <reporter-output>
          </reporter-output>
        </test-method> <!-- beforeMethods -->
        <test-method signature="validateShowCount()[pri:1, instance:com.POS.Testcases.VerifyStoreTest@7526515b]" started-at="2023-03-16T17:25:25 GST" name="validateShowCount" finished-at="2023-03-16T17:25:31 GST" duration-ms="6289" status="PASS">
          <reporter-output>
          </reporter-output>
        </test-method> <!-- validateShowCount -->
        <test-method is-config="true" signature="afterMethod()[pri:0, instance:com.POS.Testcases.VerifyStoreTest@7526515b]" started-at="2023-03-16T17:25:31 GST" name="afterMethod" finished-at="2023-03-16T17:25:32 GST" duration-ms="378" status="PASS">
          <reporter-output>
          </reporter-output>
        </test-method> <!-- afterMethod -->
        <test-method is-config="true" signature="beforeMethods(java.lang.String)[pri:0, instance:com.POS.Testcases.VerifyStoreTest@7526515b]" started-at="2023-03-16T17:25:32 GST" name="beforeMethods" finished-at="2023-03-16T17:25:39 GST" duration-ms="6693" status="PASS">
          <params>
            <param index="0">
              <value>
                <![CDATA[Edge]]>
              </value>
            </param>
          </params>
          <reporter-output>
          </reporter-output>
        </test-method> <!-- beforeMethods -->
        <test-method signature="validateAddStore()[pri:2, instance:com.POS.Testcases.VerifyStoreTest@7526515b]" started-at="2023-03-16T17:25:39 GST" name="validateAddStore" finished-at="2023-03-16T17:25:51 GST" duration-ms="12742" status="PASS">
          <reporter-output>
          </reporter-output>
        </test-method> <!-- validateAddStore -->
        <test-method is-config="true" signature="afterMethod()[pri:0, instance:com.POS.Testcases.VerifyStoreTest@7526515b]" started-at="2023-03-16T17:25:51 GST" name="afterMethod" finished-at="2023-03-16T17:25:52 GST" duration-ms="496" status="PASS">
          <reporter-output>
          </reporter-output>
        </test-method> <!-- afterMethod -->
        <test-method is-config="true" signature="beforeMethods(java.lang.String)[pri:0, instance:com.POS.Testcases.VerifyStoreTest@7526515b]" started-at="2023-03-16T17:25:52 GST" name="beforeMethods" finished-at="2023-03-16T17:26:00 GST" duration-ms="7931" status="PASS">
          <params>
            <param index="0">
              <value>
                <![CDATA[Edge]]>
              </value>
            </param>
          </params>
          <reporter-output>
          </reporter-output>
        </test-method> <!-- beforeMethods -->
        <test-method signature="validateSearchStore()[pri:3, instance:com.POS.Testcases.VerifyStoreTest@7526515b]" started-at="2023-03-16T17:26:00 GST" name="validateSearchStore" finished-at="2023-03-16T17:26:07 GST" duration-ms="6807" status="PASS">
          <reporter-output>
          </reporter-output>
        </test-method> <!-- validateSearchStore -->
        <test-method is-config="true" signature="afterMethod()[pri:0, instance:com.POS.Testcases.VerifyStoreTest@7526515b]" started-at="2023-03-16T17:26:07 GST" name="afterMethod" finished-at="2023-03-16T17:26:07 GST" duration-ms="301" status="PASS">
          <reporter-output>
          </reporter-output>
        </test-method> <!-- afterMethod -->
        <test-method is-config="true" signature="beforeMethods(java.lang.String)[pri:0, instance:com.POS.Testcases.VerifyStoreTest@7526515b]" started-at="2023-03-16T17:26:07 GST" name="beforeMethods" finished-at="2023-03-16T17:26:14 GST" duration-ms="7596" status="PASS">
          <params>
            <param index="0">
              <value>
                <![CDATA[Edge]]>
              </value>
            </param>
          </params>
          <reporter-output>
          </reporter-output>
        </test-method> <!-- beforeMethods -->
        <test-method signature="validateEditStore()[pri:4, instance:com.POS.Testcases.VerifyStoreTest@7526515b]" started-at="2023-03-16T17:26:14 GST" name="validateEditStore" finished-at="2023-03-16T17:26:25 GST" duration-ms="10134" status="PASS">
          <reporter-output>
          </reporter-output>
        </test-method> <!-- validateEditStore -->
        <test-method is-config="true" signature="afterMethod()[pri:0, instance:com.POS.Testcases.VerifyStoreTest@7526515b]" started-at="2023-03-16T17:26:25 GST" name="afterMethod" finished-at="2023-03-16T17:26:25 GST" duration-ms="529" status="PASS">
          <reporter-output>
          </reporter-output>
        </test-method> <!-- afterMethod -->
      </class> <!-- com.POS.Testcases.VerifyStoreTest -->
      <class name="com.POS.Testcases.VerifyCategoryTest">
        <test-method is-config="true" signature="beforeMethods(java.lang.String)[pri:0, instance:com.POS.Testcases.VerifyCategoryTest@6d4d66d2]" started-at="2023-03-16T17:29:50 GST" name="beforeMethods" finished-at="2023-03-16T17:29:57 GST" duration-ms="6710" status="PASS">
          <params>
            <param index="0">
              <value>
                <![CDATA[Edge]]>
              </value>
            </param>
          </params>
          <reporter-output>
          </reporter-output>
        </test-method> <!-- beforeMethods -->
        <test-method signature="validateCatTblHeaders()[pri:0, instance:com.POS.Testcases.VerifyCategoryTest@6d4d66d2]" started-at="2023-03-16T17:29:57 GST" name="validateCatTblHeaders" finished-at="2023-03-16T17:30:02 GST" duration-ms="5805" status="PASS">
          <reporter-output>
          </reporter-output>
        </test-method> <!-- validateCatTblHeaders -->
        <test-method is-config="true" signature="afterMethod()[pri:0, instance:com.POS.Testcases.VerifyCategoryTest@6d4d66d2]" started-at="2023-03-16T17:30:02 GST" name="afterMethod" finished-at="2023-03-16T17:30:03 GST" duration-ms="223" status="PASS">
          <reporter-output>
          </reporter-output>
        </test-method> <!-- afterMethod -->
        <test-method is-config="true" signature="beforeMethods(java.lang.String)[pri:0, instance:com.POS.Testcases.VerifyCategoryTest@6d4d66d2]" started-at="2023-03-16T17:30:03 GST" name="beforeMethods" finished-at="2023-03-16T17:30:09 GST" duration-ms="6729" status="PASS">
          <params>
            <param index="0">
              <value>
                <![CDATA[Edge]]>
              </value>
            </param>
          </params>
          <reporter-output>
          </reporter-output>
        </test-method> <!-- beforeMethods -->
        <test-method signature="validateAddCategory()[pri:2, instance:com.POS.Testcases.VerifyCategoryTest@6d4d66d2]" started-at="2023-03-16T17:30:09 GST" name="validateAddCategory" finished-at="2023-03-16T17:30:17 GST" duration-ms="8023" status="PASS">
          <reporter-output>
          </reporter-output>
        </test-method> <!-- validateAddCategory -->
        <test-method is-config="true" signature="afterMethod()[pri:0, instance:com.POS.Testcases.VerifyCategoryTest@6d4d66d2]" started-at="2023-03-16T17:30:17 GST" name="afterMethod" finished-at="2023-03-16T17:30:18 GST" duration-ms="236" status="PASS">
          <reporter-output>
          </reporter-output>
        </test-method> <!-- afterMethod -->
      </class> <!-- com.POS.Testcases.VerifyCategoryTest -->
      <class name="com.POS.Testcases.VerifyStoreManageTest">
        <test-method is-config="true" signature="beforeMethods(java.lang.String)[pri:0, instance:com.POS.Testcases.VerifyStoreManageTest@1ed4ae0f]" started-at="2023-03-16T17:26:25 GST" name="beforeMethods" finished-at="2023-03-16T17:26:43 GST" duration-ms="18111" status="PASS">
          <params>
            <param index="0">
              <value>
                <![CDATA[Edge]]>
              </value>
            </param>
          </params>
          <reporter-output>
          </reporter-output>
        </test-method> <!-- beforeMethods -->
        <test-method signature="validateAddZone(java.lang.String)[pri:1, instance:com.POS.Testcases.VerifyStoreManageTest@1ed4ae0f]" started-at="2023-03-16T17:26:43 GST" name="validateAddZone" finished-at="2023-03-16T17:26:56 GST" duration-ms="13042" status="PASS">
          <params>
            <param index="0">
              <value>
                <![CDATA[Test OBS Zone]]>
              </value>
            </param>
          </params>
          <reporter-output>
          </reporter-output>
        </test-method> <!-- validateAddZone -->
        <test-method is-config="true" signature="afterMethod()[pri:0, instance:com.POS.Testcases.VerifyStoreManageTest@1ed4ae0f]" started-at="2023-03-16T17:26:56 GST" name="afterMethod" finished-at="2023-03-16T17:26:59 GST" duration-ms="2896" status="PASS">
          <reporter-output>
          </reporter-output>
        </test-method> <!-- afterMethod -->
        <test-method is-config="true" signature="beforeMethods(java.lang.String)[pri:0, instance:com.POS.Testcases.VerifyStoreManageTest@1ed4ae0f]" started-at="2023-03-16T17:26:59 GST" name="beforeMethods" finished-at="2023-03-16T17:27:07 GST" duration-ms="7626" status="PASS">
          <params>
            <param index="0">
              <value>
                <![CDATA[Edge]]>
              </value>
            </param>
          </params>
          <reporter-output>
          </reporter-output>
        </test-method> <!-- beforeMethods -->
        <test-method signature="validateEditZone()[pri:2, instance:com.POS.Testcases.VerifyStoreManageTest@1ed4ae0f]" started-at="2023-03-16T17:27:07 GST" name="validateEditZone" finished-at="2023-03-16T17:27:17 GST" duration-ms="9914" status="PASS">
          <reporter-output>
          </reporter-output>
        </test-method> <!-- validateEditZone -->
        <test-method is-config="true" signature="afterMethod()[pri:0, instance:com.POS.Testcases.VerifyStoreManageTest@1ed4ae0f]" started-at="2023-03-16T17:27:17 GST" name="afterMethod" finished-at="2023-03-16T17:27:17 GST" duration-ms="323" status="PASS">
          <reporter-output>
          </reporter-output>
        </test-method> <!-- afterMethod -->
        <test-method is-config="true" signature="beforeMethods(java.lang.String)[pri:0, instance:com.POS.Testcases.VerifyStoreManageTest@1ed4ae0f]" started-at="2023-03-16T17:27:17 GST" name="beforeMethods" finished-at="2023-03-16T17:27:24 GST" duration-ms="6766" status="PASS">
          <params>
            <param index="0">
              <value>
                <![CDATA[Edge]]>
              </value>
            </param>
          </params>
          <reporter-output>
          </reporter-output>
        </test-method> <!-- beforeMethods -->
        <test-method signature="validateAddStoreTable(java.lang.String)[pri:3, instance:com.POS.Testcases.VerifyStoreManageTest@1ed4ae0f]" started-at="2023-03-16T17:27:24 GST" name="validateAddStoreTable" finished-at="2023-03-16T17:27:33 GST" duration-ms="9230" status="PASS">
          <params>
            <param index="0">
              <value>
                <![CDATA[Test OBS Store Table]]>
              </value>
            </param>
          </params>
          <reporter-output>
          </reporter-output>
        </test-method> <!-- validateAddStoreTable -->
        <test-method is-config="true" signature="afterMethod()[pri:0, instance:com.POS.Testcases.VerifyStoreManageTest@1ed4ae0f]" started-at="2023-03-16T17:27:33 GST" name="afterMethod" finished-at="2023-03-16T17:27:33 GST" duration-ms="256" status="PASS">
          <reporter-output>
          </reporter-output>
        </test-method> <!-- afterMethod -->
        <test-method is-config="true" signature="beforeMethods(java.lang.String)[pri:0, instance:com.POS.Testcases.VerifyStoreManageTest@1ed4ae0f]" started-at="2023-03-16T17:27:33 GST" name="beforeMethods" finished-at="2023-03-16T17:27:40 GST" duration-ms="6999" status="PASS">
          <params>
            <param index="0">
              <value>
                <![CDATA[Edge]]>
              </value>
            </param>
          </params>
          <reporter-output>
          </reporter-output>
        </test-method> <!-- beforeMethods -->
        <test-method signature="validateEditStoreTable()[pri:4, instance:com.POS.Testcases.VerifyStoreManageTest@1ed4ae0f]" started-at="2023-03-16T17:27:40 GST" name="validateEditStoreTable" finished-at="2023-03-16T17:27:50 GST" duration-ms="9690" status="PASS">
          <reporter-output>
          </reporter-output>
        </test-method> <!-- validateEditStoreTable -->
        <test-method is-config="true" signature="afterMethod()[pri:0, instance:com.POS.Testcases.VerifyStoreManageTest@1ed4ae0f]" started-at="2023-03-16T17:27:50 GST" name="afterMethod" finished-at="2023-03-16T17:27:50 GST" duration-ms="237" status="PASS">
          <reporter-output>
          </reporter-output>
        </test-method> <!-- afterMethod -->
        <test-method is-config="true" signature="beforeMethods(java.lang.String)[pri:0, instance:com.POS.Testcases.VerifyStoreManageTest@1ed4ae0f]" started-at="2023-03-16T17:27:50 GST" name="beforeMethods" finished-at="2023-03-16T17:27:58 GST" duration-ms="7975" status="PASS">
          <params>
            <param index="0">
              <value>
                <![CDATA[Edge]]>
              </value>
            </param>
          </params>
          <reporter-output>
          </reporter-output>
        </test-method> <!-- beforeMethods -->
        <test-method signature="validateDeleteStoreTbl()[pri:5, instance:com.POS.Testcases.VerifyStoreManageTest@1ed4ae0f]" started-at="2023-03-16T17:27:58 GST" name="validateDeleteStoreTbl" finished-at="2023-03-16T17:28:07 GST" duration-ms="8920" status="PASS">
          <reporter-output>
          </reporter-output>
        </test-method> <!-- validateDeleteStoreTbl -->
        <test-method is-config="true" signature="afterMethod()[pri:0, instance:com.POS.Testcases.VerifyStoreManageTest@1ed4ae0f]" started-at="2023-03-16T17:28:07 GST" name="afterMethod" finished-at="2023-03-16T17:28:07 GST" duration-ms="264" status="PASS">
          <reporter-output>
          </reporter-output>
        </test-method> <!-- afterMethod -->
        <test-method is-config="true" signature="beforeMethods(java.lang.String)[pri:0, instance:com.POS.Testcases.VerifyStoreManageTest@1ed4ae0f]" started-at="2023-03-16T17:28:07 GST" name="beforeMethods" finished-at="2023-03-16T17:28:15 GST" duration-ms="7352" status="PASS">
          <params>
            <param index="0">
              <value>
                <![CDATA[Edge]]>
              </value>
            </param>
          </params>
          <reporter-output>
          </reporter-output>
        </test-method> <!-- beforeMethods -->
        <test-method signature="validateDeleteZone()[pri:6, instance:com.POS.Testcases.VerifyStoreManageTest@1ed4ae0f]" started-at="2023-03-16T17:28:15 GST" name="validateDeleteZone" finished-at="2023-03-16T17:28:23 GST" duration-ms="8127" status="PASS">
          <reporter-output>
          </reporter-output>
        </test-method> <!-- validateDeleteZone -->
        <test-method is-config="true" signature="afterMethod()[pri:0, instance:com.POS.Testcases.VerifyStoreManageTest@1ed4ae0f]" started-at="2023-03-16T17:28:23 GST" name="afterMethod" finished-at="2023-03-16T17:28:23 GST" duration-ms="381" status="PASS">
          <reporter-output>
          </reporter-output>
        </test-method> <!-- afterMethod -->
        <test-method is-config="true" signature="beforeMethods(java.lang.String)[pri:0, instance:com.POS.Testcases.VerifyStoreManageTest@1ed4ae0f]" started-at="2023-03-16T17:28:23 GST" name="beforeMethods" finished-at="2023-03-16T17:28:30 GST" duration-ms="6996" status="PASS">
          <params>
            <param index="0">
              <value>
                <![CDATA[Edge]]>
              </value>
            </param>
          </params>
          <reporter-output>
          </reporter-output>
        </test-method> <!-- beforeMethods -->
        <test-method signature="validateDeleteStore()[pri:7, instance:com.POS.Testcases.VerifyStoreManageTest@1ed4ae0f]" started-at="2023-03-16T17:28:30 GST" name="validateDeleteStore" finished-at="2023-03-16T17:28:49 GST" duration-ms="18595" status="FAIL">
          <exception class="org.openqa.selenium.NoSuchElementException">
            <message>
              <![CDATA[no such element: Unable to locate element: {"method":"xpath","selector":"//td[@class='dataTables_empty']"}
  (Session info: MicrosoftEdge=111.0.1661.43)
For documentation on this error, please visit: https://selenium.dev/exceptions/#no_such_element
Build info: version: '4.7.2', revision: '4d4020c3b7'
System info: os.name: 'Windows 10', os.arch: 'amd64', os.version: '10.0', java.version: '17.0.6'
Driver info: org.openqa.selenium.edge.EdgeDriver
Command: [34c4ce93412cb252c5f1f1d893edeba2, findElement {using=xpath, value=//td[@class='dataTables_empty']}]
Capabilities {acceptInsecureCerts: false, browserName: msedge, browserVersion: 111.0.1661.43, ms:edgeOptions: {debuggerAddress: localhost:51189}, msedge: {msedgedriverVersion: 111.0.1661.41 (57be51b50d1b..., userDataDir: C:\Users\Thomas\AppData\Loc...}, networkConnectionEnabled: false, pageLoadStrategy: normal, platformName: WINDOWS, proxy: Proxy(), se:cdp: ws://localhost:51189/devtoo..., se:cdpVersion: 111.0.1661.43, setWindowRect: true, strictFileInteractability: false, timeouts: {implicit: 0, pageLoad: 300000, script: 30000}, unhandledPromptBehavior: dismiss and notify, webauthn:extension:credBlob: true, webauthn:extension:largeBlob: true, webauthn:extension:minPinLength: true, webauthn:extension:prf: true, webauthn:virtualAuthenticators: true}
Session ID: 34c4ce93412cb252c5f1f1d893edeba2]]>
            </message>
            <full-stacktrace>
              <![CDATA[org.openqa.selenium.NoSuchElementException: no such element: Unable to locate element: {"method":"xpath","selector":"//td[@class='dataTables_empty']"}
  (Session info: MicrosoftEdge=111.0.1661.43)
For documentation on this error, please visit: https://selenium.dev/exceptions/#no_such_element
Build info: version: '4.7.2', revision: '4d4020c3b7'
System info: os.name: 'Windows 10', os.arch: 'amd64', os.version: '10.0', java.version: '17.0.6'
Driver info: org.openqa.selenium.edge.EdgeDriver
Command: [34c4ce93412cb252c5f1f1d893edeba2, findElement {using=xpath, value=//td[@class='dataTables_empty']}]
Capabilities {acceptInsecureCerts: false, browserName: msedge, browserVersion: 111.0.1661.43, ms:edgeOptions: {debuggerAddress: localhost:51189}, msedge: {msedgedriverVersion: 111.0.1661.41 (57be51b50d1b..., userDataDir: C:\Users\Thomas\AppData\Loc...}, networkConnectionEnabled: false, pageLoadStrategy: normal, platformName: WINDOWS, proxy: Proxy(), se:cdp: ws://localhost:51189/devtoo..., se:cdpVersion: 111.0.1661.43, setWindowRect: true, strictFileInteractability: false, timeouts: {implicit: 0, pageLoad: 300000, script: 30000}, unhandledPromptBehavior: dismiss and notify, webauthn:extension:credBlob: true, webauthn:extension:largeBlob: true, webauthn:extension:minPinLength: true, webauthn:extension:prf: true, webauthn:virtualAuthenticators: true}
Session ID: 34c4ce93412cb252c5f1f1d893edeba2
at java.base/jdk.internal.reflect.NativeConstructorAccessorImpl.newInstance0(Native Method)
at java.base/jdk.internal.reflect.NativeConstructorAccessorImpl.newInstance(NativeConstructorAccessorImpl.java:77)
at java.base/jdk.internal.reflect.DelegatingConstructorAccessorImpl.newInstance(DelegatingConstructorAccessorImpl.java:45)
at java.base/java.lang.reflect.Constructor.newInstanceWithCaller(Constructor.java:499)
at java.base/java.lang.reflect.Constructor.newInstance(Constructor.java:480)
at org.openqa.selenium.remote.codec.w3c.W3CHttpResponseCodec.createException(W3CHttpResponseCodec.java:200)
at org.openqa.selenium.remote.codec.w3c.W3CHttpResponseCodec.decode(W3CHttpResponseCodec.java:133)
at org.openqa.selenium.remote.codec.w3c.W3CHttpResponseCodec.decode(W3CHttpResponseCodec.java:53)
at org.openqa.selenium.remote.HttpCommandExecutor.execute(HttpCommandExecutor.java:184)
at org.openqa.selenium.remote.service.DriverCommandExecutor.invokeExecute(DriverCommandExecutor.java:167)
at org.openqa.selenium.remote.service.DriverCommandExecutor.execute(DriverCommandExecutor.java:142)
at org.openqa.selenium.remote.RemoteWebDriver.execute(RemoteWebDriver.java:535)
at org.openqa.selenium.remote.ElementLocation$ElementFinder$2.findElement(ElementLocation.java:162)
at org.openqa.selenium.remote.ElementLocation.findElement(ElementLocation.java:60)
at org.openqa.selenium.remote.RemoteWebDriver.findElement(RemoteWebDriver.java:351)
at org.openqa.selenium.remote.RemoteWebDriver.findElement(RemoteWebDriver.java:343)
at org.openqa.selenium.support.pagefactory.DefaultElementLocator.findElement(DefaultElementLocator.java:70)
at org.openqa.selenium.support.pagefactory.internal.LocatingElementHandler.invoke(LocatingElementHandler.java:39)
at jdk.proxy2/jdk.proxy2.$Proxy19.getText(Unknown Source)
at com.POS.Testcases.VerifyStoreManageTest.validateDeleteStore(VerifyStoreManageTest.java:109)
at java.base/jdk.internal.reflect.NativeMethodAccessorImpl.invoke0(Native Method)
at java.base/jdk.internal.reflect.NativeMethodAccessorImpl.invoke(NativeMethodAccessorImpl.java:77)
at java.base/jdk.internal.reflect.DelegatingMethodAccessorImpl.invoke(DelegatingMethodAccessorImpl.java:43)
at java.base/java.lang.reflect.Method.invoke(Method.java:568)
at org.testng.internal.invokers.MethodInvocationHelper.invokeMethod(MethodInvocationHelper.java:135)
at org.testng.internal.invokers.TestInvoker.invokeMethod(TestInvoker.java:673)
at org.testng.internal.invokers.TestInvoker.invokeTestMethod(TestInvoker.java:220)
at org.testng.internal.invokers.MethodRunner.runInSequence(MethodRunner.java:50)
at org.testng.internal.invokers.TestInvoker$MethodInvocationAgent.invoke(TestInvoker.java:945)
at org.testng.internal.invokers.TestInvoker.invokeTestMethods(TestInvoker.java:193)
at org.testng.internal.invokers.TestMethodWorker.invokeTestMethods(TestMethodWorker.java:146)
at org.testng.internal.invokers.TestMethodWorker.run(TestMethodWorker.java:128)
at java.base/java.util.ArrayList.forEach(ArrayList.java:1511)
at org.testng.TestRunner.privateRun(TestRunner.java:808)
at org.testng.TestRunner.run(TestRunner.java:603)
at org.testng.SuiteRunner.runTest(SuiteRunner.java:429)
at org.testng.SuiteRunner.runSequentially(SuiteRunner.java:423)
at org.testng.SuiteRunner.privateRun(SuiteRunner.java:383)
at org.testng.SuiteRunner.run(SuiteRunner.java:326)
at org.testng.SuiteRunnerWorker.runSuite(SuiteRunnerWorker.java:52)
at org.testng.SuiteRunnerWorker.run(SuiteRunnerWorker.java:95)
at org.testng.TestNG.runSuitesSequentially(TestNG.java:1249)
at org.testng.TestNG.runSuitesLocally(TestNG.java:1169)
at org.testng.TestNG.runSuites(TestNG.java:1092)
at org.testng.TestNG.run(TestNG.java:1060)
at org.apache.maven.surefire.testng.TestNGExecutor.run(TestNGExecutor.java:324)
at org.apache.maven.surefire.testng.TestNGXmlTestSuite.execute(TestNGXmlTestSuite.java:74)
at org.apache.maven.surefire.testng.TestNGProvider.invoke(TestNGProvider.java:123)
at org.apache.maven.surefire.booter.ForkedBooter.runSuitesInProcess(ForkedBooter.java:456)
at org.apache.maven.surefire.booter.ForkedBooter.execute(ForkedBooter.java:169)
at org.apache.maven.surefire.booter.ForkedBooter.run(ForkedBooter.java:595)
at org.apache.maven.surefire.booter.ForkedBooter.main(ForkedBooter.java:581)
]]>
            </full-stacktrace>
          </exception> <!-- org.openqa.selenium.NoSuchElementException -->
          <reporter-output>
          </reporter-output>
        </test-method> <!-- validateDeleteStore -->
        <test-method is-config="true" signature="afterMethod()[pri:0, instance:com.POS.Testcases.VerifyStoreManageTest@1ed4ae0f]" started-at="2023-03-16T17:28:49 GST" name="afterMethod" finished-at="2023-03-16T17:28:50 GST" duration-ms="414" status="PASS">
          <reporter-output>
          </reporter-output>
        </test-method> <!-- afterMethod -->
      </class> <!-- com.POS.Testcases.VerifyStoreManageTest -->
      <class name="com.POS.Testcases.VerifyProductPageTest">
        <test-method is-config="true" signature="beforeMethods(java.lang.String)[pri:0, instance:com.POS.Testcases.VerifyProductPageTest@644baf4a]" started-at="2023-03-16T17:24:36 GST" name="beforeMethods" finished-at="2023-03-16T17:24:47 GST" duration-ms="10593" status="PASS">
          <params>
            <param index="0">
              <value>
                <![CDATA[Edge]]>
              </value>
            </param>
          </params>
          <reporter-output>
          </reporter-output>
        </test-method> <!-- beforeMethods -->
        <test-method signature="validateUploadCSV()[pri:6, instance:com.POS.Testcases.VerifyProductPageTest@644baf4a]" started-at="2023-03-16T17:24:47 GST" name="validateUploadCSV" finished-at="2023-03-16T17:25:01 GST" duration-ms="13991" status="PASS">
          <reporter-output>
          </reporter-output>
        </test-method> <!-- validateUploadCSV -->
        <test-method is-config="true" signature="afterMethod()[pri:0, instance:com.POS.Testcases.VerifyProductPageTest@644baf4a]" started-at="2023-03-16T17:25:01 GST" name="afterMethod" finished-at="2023-03-16T17:25:01 GST" duration-ms="430" status="PASS">
          <reporter-output>
          </reporter-output>
        </test-method> <!-- afterMethod -->
      </class> <!-- com.POS.Testcases.VerifyProductPageTest -->
      <class name="com.POS.Testcases.VerifyUserLoginTest">
        <test-method is-config="true" signature="beforeMethods(java.lang.String)[pri:0, instance:com.POS.Testcases.VerifyUserLoginTest@26d9b808]" started-at="2023-03-16T17:21:53 GST" name="beforeMethods" finished-at="2023-03-16T17:22:32 GST" duration-ms="39039" status="PASS">
          <params>
            <param index="0">
              <value>
                <![CDATA[Edge]]>
              </value>
            </param>
          </params>
          <reporter-output>
          </reporter-output>
        </test-method> <!-- beforeMethods -->
        <test-method signature="validateLogin()[pri:1, instance:com.POS.Testcases.VerifyUserLoginTest@26d9b808]" started-at="2023-03-16T17:22:32 GST" name="validateLogin" finished-at="2023-03-16T17:22:38 GST" duration-ms="6263" status="PASS">
          <reporter-output>
          </reporter-output>
        </test-method> <!-- validateLogin -->
        <test-method is-config="true" signature="afterMethod()[pri:0, instance:com.POS.Testcases.VerifyUserLoginTest@26d9b808]" started-at="2023-03-16T17:22:38 GST" name="afterMethod" finished-at="2023-03-16T17:22:40 GST" duration-ms="1426" status="PASS">
          <reporter-output>
          </reporter-output>
        </test-method> <!-- afterMethod -->
        <test-method is-config="true" signature="beforeMethods(java.lang.String)[pri:0, instance:com.POS.Testcases.VerifyUserLoginTest@26d9b808]" started-at="2023-03-16T17:22:40 GST" name="beforeMethods" finished-at="2023-03-16T17:22:51 GST" duration-ms="10899" status="PASS">
          <params>
            <param index="0">
              <value>
                <![CDATA[Edge]]>
              </value>
            </param>
          </params>
          <reporter-output>
          </reporter-output>
        </test-method> <!-- beforeMethods -->
        <test-method signature="validateAllLogin(java.lang.String,java.lang.String)[pri:2, instance:com.POS.Testcases.VerifyUserLoginTest@26d9b808]" started-at="2023-03-16T17:22:51 GST" name="validateAllLogin" data-provider="getLoginUsers" finished-at="2023-03-16T17:22:52 GST" duration-ms="1411" status="PASS">
          <params>
            <param index="0">
              <value>
                <![CDATA[InvalidUn]]>
              </value>
            </param>
            <param index="1">
              <value>
                <![CDATA[InvalidPw]]>
              </value>
            </param>
          </params>
          <reporter-output>
          </reporter-output>
        </test-method> <!-- validateAllLogin -->
        <test-method is-config="true" signature="afterMethod()[pri:0, instance:com.POS.Testcases.VerifyUserLoginTest@26d9b808]" started-at="2023-03-16T17:22:52 GST" name="afterMethod" finished-at="2023-03-16T17:22:52 GST" duration-ms="274" status="PASS">
          <reporter-output>
          </reporter-output>
        </test-method> <!-- afterMethod -->
        <test-method is-config="true" signature="beforeMethods(java.lang.String)[pri:0, instance:com.POS.Testcases.VerifyUserLoginTest@26d9b808]" started-at="2023-03-16T17:22:52 GST" name="beforeMethods" finished-at="2023-03-16T17:23:04 GST" duration-ms="12007" status="PASS">
          <params>
            <param index="0">
              <value>
                <![CDATA[Edge]]>
              </value>
            </param>
          </params>
          <reporter-output>
          </reporter-output>
        </test-method> <!-- beforeMethods -->
        <test-method signature="validateAllLogin(java.lang.String,java.lang.String)[pri:2, instance:com.POS.Testcases.VerifyUserLoginTest@26d9b808]" started-at="2023-03-16T17:23:04 GST" name="validateAllLogin" data-provider="getLoginUsers" finished-at="2023-03-16T17:23:06 GST" duration-ms="1467" status="PASS">
          <params>
            <param index="0">
              <value>
                <![CDATA[Admin]]>
              </value>
            </param>
            <param index="1">
              <value>
                <![CDATA[InvalidPw]]>
              </value>
            </param>
          </params>
          <reporter-output>
          </reporter-output>
        </test-method> <!-- validateAllLogin -->
        <test-method is-config="true" signature="afterMethod()[pri:0, instance:com.POS.Testcases.VerifyUserLoginTest@26d9b808]" started-at="2023-03-16T17:23:06 GST" name="afterMethod" finished-at="2023-03-16T17:23:06 GST" duration-ms="266" status="PASS">
          <reporter-output>
          </reporter-output>
        </test-method> <!-- afterMethod -->
        <test-method is-config="true" signature="beforeMethods(java.lang.String)[pri:0, instance:com.POS.Testcases.VerifyUserLoginTest@26d9b808]" started-at="2023-03-16T17:23:06 GST" name="beforeMethods" finished-at="2023-03-16T17:23:13 GST" duration-ms="7103" status="PASS">
          <params>
            <param index="0">
              <value>
                <![CDATA[Edge]]>
              </value>
            </param>
          </params>
          <reporter-output>
          </reporter-output>
        </test-method> <!-- beforeMethods -->
        <test-method signature="validateAllLogin(java.lang.String,java.lang.String)[pri:2, instance:com.POS.Testcases.VerifyUserLoginTest@26d9b808]" started-at="2023-03-16T17:23:13 GST" name="validateAllLogin" data-provider="getLoginUsers" finished-at="2023-03-16T17:23:15 GST" duration-ms="1642" status="PASS">
          <params>
            <param index="0">
              <value>
                <![CDATA[InvalidUn]]>
              </value>
            </param>
            <param index="1">
              <value>
                <![CDATA[password]]>
              </value>
            </param>
          </params>
          <reporter-output>
          </reporter-output>
        </test-method> <!-- validateAllLogin -->
        <test-method is-config="true" signature="afterMethod()[pri:0, instance:com.POS.Testcases.VerifyUserLoginTest@26d9b808]" started-at="2023-03-16T17:23:15 GST" name="afterMethod" finished-at="2023-03-16T17:23:15 GST" duration-ms="220" status="PASS">
          <reporter-output>
          </reporter-output>
        </test-method> <!-- afterMethod -->
      </class> <!-- com.POS.Testcases.VerifyUserLoginTest -->
    </test> <!-- Test -->
  </suite> <!-- RestaurantSuite -->
</testng-results>
