<?xml version="1.0" encoding="UTF-8"?>
<!-- Generated by org.testng.reporters.JUnitXMLReporter -->
<testsuite ignored="2" hostname="DESKTOP-9H86UB9" failures="0" tests="2" name="Test" time="0.12" errors="0" timestamp="2023-02-24T09:20:30 GST">
  <testcase classname="Insurance.TestAnnotations" name="testCase1" time="0.009"/>
  <testcase classname="Insurance.TestAnnotations" name="testCase3" time="0.002"/>
  <testcase classname="Insurance.TestAnnotations" name="testCase2" time="0.0">
    <ignored/>
  </testcase> <!-- testCase2 -->
  <testcase classname="Insurance.TestAnnotations" name="testCase4" time="0.0">
    <ignored/>
  </testcase> <!-- testCase4 -->
</testsuite> <!-- Test -->
